This is pdfTeX, Version 3.14159265-2.6-1.40.21 (MiKTeX 2.9.7350 64-bit) (preloaded format=pdflatex 2020.3.23)  23 MAY 2020 10:28
entering extended mode
**./presentation.tex
(presentation.tex
LaTeX2e <2020-02-02> patch level 5
L3 programming layer <2020-03-06>
("C:\Users\m2schmid\AppData\Local\Programs\MiKTeX 2.9\tex/latex/beamer\beamer.c
ls"
Document Class: beamer 2019/09/29 v3.57 A class for typesetting presentations

("C:\Users\m2schmid\AppData\Local\Programs\MiKTeX 2.9\tex/latex/beamer\beamerba
semodes.sty"
("C:\Users\m2schmid\AppData\Local\Programs\MiKTeX 2.9\tex/latex/etoolbox\etoolb
ox.sty"
Package: etoolbox 2019/09/21 v2.5h e-TeX tools for LaTeX (JAW)
\etb@tempcnta=\count167
)
\beamer@tempbox=\box45
\beamer@tempcount=\count168
\c@beamerpauses=\count169

("C:\Users\m2schmid\AppData\Local\Programs\MiKTeX 2.9\tex/latex/beamer\beamerba
sedecode.sty"
\beamer@slideinframe=\count170
\beamer@minimum=\count171
\beamer@decode@box=\box46
)
\beamer@commentbox=\box47
\beamer@modecount=\count172
)
("C:\Users\m2schmid\AppData\Local\Programs\MiKTeX 2.9\tex/generic/iftex\ifpdf.s
ty"
Package: ifpdf 2019/10/25 v3.4 ifpdf legacy package. Use iftex instead.

("C:\Users\m2schmid\AppData\Local\Programs\MiKTeX 2.9\tex/generic/iftex\iftex.s
ty"
Package: iftex 2020/03/06 v1.0d TeX engine tests
))
\headdp=\dimen134
\footheight=\dimen135
\sidebarheight=\dimen136
\beamer@tempdim=\dimen137
\beamer@finalheight=\dimen138
\beamer@animht=\dimen139
\beamer@animdp=\dimen140
\beamer@animwd=\dimen141
\beamer@leftmargin=\dimen142
\beamer@rightmargin=\dimen143
\beamer@leftsidebar=\dimen144
\beamer@rightsidebar=\dimen145
\beamer@boxsize=\dimen146
\beamer@vboxoffset=\dimen147
\beamer@descdefault=\dimen148
\beamer@descriptionwidth=\dimen149
\beamer@lastskip=\skip47
\beamer@areabox=\box48
\beamer@animcurrent=\box49
\beamer@animshowbox=\box50
\beamer@sectionbox=\box51
\beamer@logobox=\box52
\beamer@linebox=\box53
\beamer@sectioncount=\count173
\beamer@subsubsectionmax=\count174
\beamer@subsectionmax=\count175
\beamer@sectionmax=\count176
\beamer@totalheads=\count177
\beamer@headcounter=\count178
\beamer@partstartpage=\count179
\beamer@sectionstartpage=\count180
\beamer@subsectionstartpage=\count181
\beamer@animationtempa=\count182
\beamer@animationtempb=\count183
\beamer@xpos=\count184
\beamer@ypos=\count185
\beamer@ypos@offset=\count186
\beamer@showpartnumber=\count187
\beamer@currentsubsection=\count188
\beamer@coveringdepth=\count189
\beamer@sectionadjust=\count190
\beamer@tocsectionnumber=\count191

("C:\Users\m2schmid\AppData\Local\Programs\MiKTeX 2.9\tex/latex/beamer\beamerba
seoptions.sty"
("C:\Users\m2schmid\AppData\Local\Programs\MiKTeX 2.9\tex/latex/graphics\keyval
.sty"
Package: keyval 2014/10/28 v1.15 key=value parser (DPC)
\KV@toks@=\toks15
))
\beamer@paperwidth=\skip48
\beamer@paperheight=\skip49

("C:\Users\m2schmid\AppData\Local\Programs\MiKTeX 2.9\tex/latex/geometry\geomet
ry.sty"
Package: geometry 2020/01/02 v5.9 Page Geometry

("C:\Users\m2schmid\AppData\Local\Programs\MiKTeX 2.9\tex/generic/iftex\ifvtex.
sty"
Package: ifvtex 2019/10/25 v1.7 ifvtex legacy package. Use iftex instead.
)
\Gm@cnth=\count192
\Gm@cntv=\count193
\c@Gm@tempcnt=\count194
\Gm@bindingoffset=\dimen150
\Gm@wd@mp=\dimen151
\Gm@odd@mp=\dimen152
\Gm@even@mp=\dimen153
\Gm@layoutwidth=\dimen154
\Gm@layoutheight=\dimen155
\Gm@layouthoffset=\dimen156
\Gm@layoutvoffset=\dimen157
\Gm@dimlist=\toks16

("C:\Users\m2schmid\AppData\Local\Programs\MiKTeX 2.9\tex/latex/geometry\geomet
ry.cfg"))
("C:\Users\m2schmid\AppData\Local\Programs\MiKTeX 2.9\tex/latex/base\size11.clo
"
File: size11.clo 2019/12/20 v1.4l Standard LaTeX file (size option)
)
("C:\Users\m2schmid\AppData\Local\Programs\MiKTeX 2.9\tex/latex/pgf/basiclayer\
pgfcore.sty"
("C:\Users\m2schmid\AppData\Local\Programs\MiKTeX 2.9\tex/latex/graphics\graphi
cx.sty"
Package: graphicx 2019/11/30 v1.2a Enhanced LaTeX Graphics (DPC,SPQR)

("C:\Users\m2schmid\AppData\Local\Programs\MiKTeX 2.9\tex/latex/graphics\graphi
cs.sty"
Package: graphics 2019/11/30 v1.4a Standard LaTeX Graphics (DPC,SPQR)

("C:\Users\m2schmid\AppData\Local\Programs\MiKTeX 2.9\tex/latex/graphics\trig.s
ty"
Package: trig 2016/01/03 v1.10 sin cos tan (DPC)
)
("C:\Users\m2schmid\AppData\Local\Programs\MiKTeX 2.9\tex/latex/graphics-cfg\gr
aphics.cfg"
File: graphics.cfg 2016/06/04 v1.11 sample graphics configuration
)
Package graphics Info: Driver file: pdftex.def on input line 105.

("C:\Users\m2schmid\AppData\Local\Programs\MiKTeX 2.9\tex/latex/graphics-def\pd
ftex.def"
File: pdftex.def 2018/01/08 v1.0l Graphics/color driver for pdftex
))
\Gin@req@height=\dimen158
\Gin@req@width=\dimen159
)
("C:\Users\m2schmid\AppData\Local\Programs\MiKTeX 2.9\tex/latex/pgf/systemlayer
\pgfsys.sty"
("C:\Users\m2schmid\AppData\Local\Programs\MiKTeX 2.9\tex/latex/pgf/utilities\p
gfrcs.sty"
("C:\Users\m2schmid\AppData\Local\Programs\MiKTeX 2.9\tex/generic/pgf/utilities
\pgfutil-common.tex"
\pgfutil@everybye=\toks17
\pgfutil@tempdima=\dimen160
\pgfutil@tempdimb=\dimen161

("C:\Users\m2schmid\AppData\Local\Programs\MiKTeX 2.9\tex/generic/pgf/utilities
\pgfutil-common-lists.tex"))
("C:\Users\m2schmid\AppData\Local\Programs\MiKTeX 2.9\tex/generic/pgf/utilities
\pgfutil-latex.def"
\pgfutil@abb=\box54

("C:\Users\m2schmid\AppData\Local\Programs\MiKTeX 2.9\tex/latex/ms\everyshi.sty
"
Package: everyshi 2001/05/15 v3.00 EveryShipout Package (MS)
))
("C:\Users\m2schmid\AppData\Local\Programs\MiKTeX 2.9\tex/generic/pgf/utilities
\pgfrcs.code.tex"
("C:\Users\m2schmid\AppData\Local\Programs\MiKTeX 2.9\tex/generic/pgf\pgf.revis
ion.tex")
Package: pgfrcs 2020/01/08 v3.1.5b (3.1.5b)
))
("C:\Users\m2schmid\AppData\Local\Programs\MiKTeX 2.9\tex/generic/pgf/systemlay
er\pgfsys.code.tex"
Package: pgfsys 2020/01/08 v3.1.5b (3.1.5b)

("C:\Users\m2schmid\AppData\Local\Programs\MiKTeX 2.9\tex/generic/pgf/utilities
\pgfkeys.code.tex"
\pgfkeys@pathtoks=\toks18
\pgfkeys@temptoks=\toks19

("C:\Users\m2schmid\AppData\Local\Programs\MiKTeX 2.9\tex/generic/pgf/utilities
\pgfkeysfiltered.code.tex"
\pgfkeys@tmptoks=\toks20
))
\pgf@x=\dimen162
\pgf@y=\dimen163
\pgf@xa=\dimen164
\pgf@ya=\dimen165
\pgf@xb=\dimen166
\pgf@yb=\dimen167
\pgf@xc=\dimen168
\pgf@yc=\dimen169
\pgf@xd=\dimen170
\pgf@yd=\dimen171
\w@pgf@writea=\write3
\r@pgf@reada=\read2
\c@pgf@counta=\count195
\c@pgf@countb=\count196
\c@pgf@countc=\count197
\c@pgf@countd=\count198
\t@pgf@toka=\toks21
\t@pgf@tokb=\toks22
\t@pgf@tokc=\toks23
\pgf@sys@id@count=\count199

("C:\Users\m2schmid\AppData\Local\Programs\MiKTeX 2.9\tex/generic/pgf/systemlay
er\pgf.cfg"
File: pgf.cfg 2020/01/08 v3.1.5b (3.1.5b)
)
Driver file for pgf: pgfsys-pdftex.def

("C:\Users\m2schmid\AppData\Local\Programs\MiKTeX 2.9\tex/generic/pgf/systemlay
er\pgfsys-pdftex.def"
File: pgfsys-pdftex.def 2020/01/08 v3.1.5b (3.1.5b)

("C:\Users\m2schmid\AppData\Local\Programs\MiKTeX 2.9\tex/generic/pgf/systemlay
er\pgfsys-common-pdf.def"
File: pgfsys-common-pdf.def 2020/01/08 v3.1.5b (3.1.5b)
)))
("C:\Users\m2schmid\AppData\Local\Programs\MiKTeX 2.9\tex/generic/pgf/systemlay
er\pgfsyssoftpath.code.tex"
File: pgfsyssoftpath.code.tex 2020/01/08 v3.1.5b (3.1.5b)
\pgfsyssoftpath@smallbuffer@items=\count266
\pgfsyssoftpath@bigbuffer@items=\count267
)
("C:\Users\m2schmid\AppData\Local\Programs\MiKTeX 2.9\tex/generic/pgf/systemlay
er\pgfsysprotocol.code.tex"
File: pgfsysprotocol.code.tex 2020/01/08 v3.1.5b (3.1.5b)
))
("C:\Users\m2schmid\AppData\Local\Programs\MiKTeX 2.9\tex/latex/xcolor\xcolor.s
ty"
Package: xcolor 2016/05/11 v2.12 LaTeX color extensions (UK)

("C:\Users\m2schmid\AppData\Local\Programs\MiKTeX 2.9\tex/latex/graphics-cfg\co
lor.cfg"
File: color.cfg 2016/01/02 v1.6 sample color configuration
)
Package xcolor Info: Driver file: pdftex.def on input line 225.
Package xcolor Info: Model `cmy' substituted by `cmy0' on input line 1348.
Package xcolor Info: Model `hsb' substituted by `rgb' on input line 1352.
Package xcolor Info: Model `RGB' extended on input line 1364.
Package xcolor Info: Model `HTML' substituted by `rgb' on input line 1366.
Package xcolor Info: Model `Hsb' substituted by `hsb' on input line 1367.
Package xcolor Info: Model `tHsb' substituted by `hsb' on input line 1368.
Package xcolor Info: Model `HSB' substituted by `hsb' on input line 1369.
Package xcolor Info: Model `Gray' substituted by `gray' on input line 1370.
Package xcolor Info: Model `wave' substituted by `hsb' on input line 1371.
)
("C:\Users\m2schmid\AppData\Local\Programs\MiKTeX 2.9\tex/generic/pgf/basiclaye
r\pgfcore.code.tex"
Package: pgfcore 2020/01/08 v3.1.5b (3.1.5b)

("C:\Users\m2schmid\AppData\Local\Programs\MiKTeX 2.9\tex/generic/pgf/math\pgfm
ath.code.tex"
("C:\Users\m2schmid\AppData\Local\Programs\MiKTeX 2.9\tex/generic/pgf/math\pgfm
athcalc.code.tex"
("C:\Users\m2schmid\AppData\Local\Programs\MiKTeX 2.9\tex/generic/pgf/math\pgfm
athutil.code.tex")
("C:\Users\m2schmid\AppData\Local\Programs\MiKTeX 2.9\tex/generic/pgf/math\pgfm
athparser.code.tex"
\pgfmath@dimen=\dimen172
\pgfmath@count=\count268
\pgfmath@box=\box55
\pgfmath@toks=\toks24
\pgfmath@stack@operand=\toks25
\pgfmath@stack@operation=\toks26
)
("C:\Users\m2schmid\AppData\Local\Programs\MiKTeX 2.9\tex/generic/pgf/math\pgfm
athfunctions.code.tex"
("C:\Users\m2schmid\AppData\Local\Programs\MiKTeX 2.9\tex/generic/pgf/math\pgfm
athfunctions.basic.code.tex")
("C:\Users\m2schmid\AppData\Local\Programs\MiKTeX 2.9\tex/generic/pgf/math\pgfm
athfunctions.trigonometric.code.tex")
("C:\Users\m2schmid\AppData\Local\Programs\MiKTeX 2.9\tex/generic/pgf/math\pgfm
athfunctions.random.code.tex")
("C:\Users\m2schmid\AppData\Local\Programs\MiKTeX 2.9\tex/generic/pgf/math\pgfm
athfunctions.comparison.code.tex")
("C:\Users\m2schmid\AppData\Local\Programs\MiKTeX 2.9\tex/generic/pgf/math\pgfm
athfunctions.base.code.tex")
("C:\Users\m2schmid\AppData\Local\Programs\MiKTeX 2.9\tex/generic/pgf/math\pgfm
athfunctions.round.code.tex")
("C:\Users\m2schmid\AppData\Local\Programs\MiKTeX 2.9\tex/generic/pgf/math\pgfm
athfunctions.misc.code.tex")
("C:\Users\m2schmid\AppData\Local\Programs\MiKTeX 2.9\tex/generic/pgf/math\pgfm
athfunctions.integerarithmetics.code.tex")))
("C:\Users\m2schmid\AppData\Local\Programs\MiKTeX 2.9\tex/generic/pgf/math\pgfm
athfloat.code.tex"
\c@pgfmathroundto@lastzeros=\count269
))
("C:\Users\m2schmid\AppData\Local\Programs\MiKTeX 2.9\tex/generic/pgf/math\pgfi
nt.code.tex")
("C:\Users\m2schmid\AppData\Local\Programs\MiKTeX 2.9\tex/generic/pgf/basiclaye
r\pgfcorepoints.code.tex"
File: pgfcorepoints.code.tex 2020/01/08 v3.1.5b (3.1.5b)
\pgf@picminx=\dimen173
\pgf@picmaxx=\dimen174
\pgf@picminy=\dimen175
\pgf@picmaxy=\dimen176
\pgf@pathminx=\dimen177
\pgf@pathmaxx=\dimen178
\pgf@pathminy=\dimen179
\pgf@pathmaxy=\dimen180
\pgf@xx=\dimen181
\pgf@xy=\dimen182
\pgf@yx=\dimen183
\pgf@yy=\dimen184
\pgf@zx=\dimen185
\pgf@zy=\dimen186
)
("C:\Users\m2schmid\AppData\Local\Programs\MiKTeX 2.9\tex/generic/pgf/basiclaye
r\pgfcorepathconstruct.code.tex"
File: pgfcorepathconstruct.code.tex 2020/01/08 v3.1.5b (3.1.5b)
\pgf@path@lastx=\dimen187
\pgf@path@lasty=\dimen188
)
("C:\Users\m2schmid\AppData\Local\Programs\MiKTeX 2.9\tex/generic/pgf/basiclaye
r\pgfcorepathusage.code.tex"
File: pgfcorepathusage.code.tex 2020/01/08 v3.1.5b (3.1.5b)
\pgf@shorten@end@additional=\dimen189
\pgf@shorten@start@additional=\dimen190
)
("C:\Users\m2schmid\AppData\Local\Programs\MiKTeX 2.9\tex/generic/pgf/basiclaye
r\pgfcorescopes.code.tex"
File: pgfcorescopes.code.tex 2020/01/08 v3.1.5b (3.1.5b)
\pgfpic=\box56
\pgf@hbox=\box57
\pgf@layerbox@main=\box58
\pgf@picture@serial@count=\count270
)
("C:\Users\m2schmid\AppData\Local\Programs\MiKTeX 2.9\tex/generic/pgf/basiclaye
r\pgfcoregraphicstate.code.tex"
File: pgfcoregraphicstate.code.tex 2020/01/08 v3.1.5b (3.1.5b)
\pgflinewidth=\dimen191
)
("C:\Users\m2schmid\AppData\Local\Programs\MiKTeX 2.9\tex/generic/pgf/basiclaye
r\pgfcoretransformations.code.tex"
File: pgfcoretransformations.code.tex 2020/01/08 v3.1.5b (3.1.5b)
\pgf@pt@x=\dimen192
\pgf@pt@y=\dimen193
\pgf@pt@temp=\dimen194
)
("C:\Users\m2schmid\AppData\Local\Programs\MiKTeX 2.9\tex/generic/pgf/basiclaye
r\pgfcorequick.code.tex"
File: pgfcorequick.code.tex 2020/01/08 v3.1.5b (3.1.5b)
)
("C:\Users\m2schmid\AppData\Local\Programs\MiKTeX 2.9\tex/generic/pgf/basiclaye
r\pgfcoreobjects.code.tex"
File: pgfcoreobjects.code.tex 2020/01/08 v3.1.5b (3.1.5b)
)
("C:\Users\m2schmid\AppData\Local\Programs\MiKTeX 2.9\tex/generic/pgf/basiclaye
r\pgfcorepathprocessing.code.tex"
File: pgfcorepathprocessing.code.tex 2020/01/08 v3.1.5b (3.1.5b)
)
("C:\Users\m2schmid\AppData\Local\Programs\MiKTeX 2.9\tex/generic/pgf/basiclaye
r\pgfcorearrows.code.tex"
File: pgfcorearrows.code.tex 2020/01/08 v3.1.5b (3.1.5b)
\pgfarrowsep=\dimen195
)
("C:\Users\m2schmid\AppData\Local\Programs\MiKTeX 2.9\tex/generic/pgf/basiclaye
r\pgfcoreshade.code.tex"
File: pgfcoreshade.code.tex 2020/01/08 v3.1.5b (3.1.5b)
\pgf@max=\dimen196
\pgf@sys@shading@range@num=\count271
\pgf@shadingcount=\count272
)
("C:\Users\m2schmid\AppData\Local\Programs\MiKTeX 2.9\tex/generic/pgf/basiclaye
r\pgfcoreimage.code.tex"
File: pgfcoreimage.code.tex 2020/01/08 v3.1.5b (3.1.5b)

("C:\Users\m2schmid\AppData\Local\Programs\MiKTeX 2.9\tex/generic/pgf/basiclaye
r\pgfcoreexternal.code.tex"
File: pgfcoreexternal.code.tex 2020/01/08 v3.1.5b (3.1.5b)
\pgfexternal@startupbox=\box59
))
("C:\Users\m2schmid\AppData\Local\Programs\MiKTeX 2.9\tex/generic/pgf/basiclaye
r\pgfcorelayers.code.tex"
File: pgfcorelayers.code.tex 2020/01/08 v3.1.5b (3.1.5b)
)
("C:\Users\m2schmid\AppData\Local\Programs\MiKTeX 2.9\tex/generic/pgf/basiclaye
r\pgfcoretransparency.code.tex"
File: pgfcoretransparency.code.tex 2020/01/08 v3.1.5b (3.1.5b)
)
("C:\Users\m2schmid\AppData\Local\Programs\MiKTeX 2.9\tex/generic/pgf/basiclaye
r\pgfcorepatterns.code.tex"
File: pgfcorepatterns.code.tex 2020/01/08 v3.1.5b (3.1.5b)
)
("C:\Users\m2schmid\AppData\Local\Programs\MiKTeX 2.9\tex/generic/pgf/basiclaye
r\pgfcorerdf.code.tex"
File: pgfcorerdf.code.tex 2020/01/08 v3.1.5b (3.1.5b)
)))
("C:\Users\m2schmid\AppData\Local\Programs\MiKTeX 2.9\tex/latex/pgf/utilities\x
xcolor.sty"
Package: xxcolor 2003/10/24 ver 0.1
\XC@nummixins=\count273
\XC@countmixins=\count274
)
("C:\Users\m2schmid\AppData\Local\Programs\MiKTeX 2.9\tex/generic/atbegshi\atbe
gshi.sty"
Package: atbegshi 2019/12/05 v1.19 At begin shipout hook (HO)

("C:\Users\m2schmid\AppData\Local\Programs\MiKTeX 2.9\tex/generic/infwarerr\inf
warerr.sty"
Package: infwarerr 2019/12/03 v1.5 Providing info/warning/error messages (HO)
)
("C:\Users\m2schmid\AppData\Local\Programs\MiKTeX 2.9\tex/generic/ltxcmds\ltxcm
ds.sty"
Package: ltxcmds 2019/12/15 v1.24 LaTeX kernel commands for general use (HO)
))
("C:\Users\m2schmid\AppData\Local\Programs\MiKTeX 2.9\tex/latex/hyperref\hyperr
ef.sty"
Package: hyperref 2020/01/14 v7.00d Hypertext links for LaTeX

("C:\Users\m2schmid\AppData\Local\Programs\MiKTeX 2.9\tex/latex/pdftexcmds\pdft
excmds.sty"
Package: pdftexcmds 2019/11/24 v0.31 Utility functions of pdfTeX for LuaTeX (HO
)
Package pdftexcmds Info: \pdf@primitive is available.
Package pdftexcmds Info: \pdf@ifprimitive is available.
Package pdftexcmds Info: \pdfdraftmode found.
)
("C:\Users\m2schmid\AppData\Local\Programs\MiKTeX 2.9\tex/generic/kvsetkeys\kvs
etkeys.sty"
Package: kvsetkeys 2019/12/15 v1.18 Key value parser (HO)
)
("C:\Users\m2schmid\AppData\Local\Programs\MiKTeX 2.9\tex/generic/kvdefinekeys\
kvdefinekeys.sty"
Package: kvdefinekeys 2019-12-19 v1.6 Define keys (HO)
)
("C:\Users\m2schmid\AppData\Local\Programs\MiKTeX 2.9\tex/generic/pdfescape\pdf
escape.sty"
Package: pdfescape 2019/12/09 v1.15 Implements pdfTeX's escape features (HO)
)
("C:\Users\m2schmid\AppData\Local\Programs\MiKTeX 2.9\tex/latex/hycolor\hycolor
.sty"
Package: hycolor 2020-01-27 v1.10 Color options for hyperref/bookmark (HO)
)
("C:\Users\m2schmid\AppData\Local\Programs\MiKTeX 2.9\tex/latex/letltxmacro\let
ltxmacro.sty"
Package: letltxmacro 2019/12/03 v1.6 Let assignment for LaTeX macros (HO)
)
("C:\Users\m2schmid\AppData\Local\Programs\MiKTeX 2.9\tex/latex/auxhook\auxhook
.sty"
Package: auxhook 2019-12-17 v1.6 Hooks for auxiliary files (HO)
)
("C:\Users\m2schmid\AppData\Local\Programs\MiKTeX 2.9\tex/latex/kvoptions\kvopt
ions.sty"
Package: kvoptions 2019/11/29 v3.13 Key value format for package options (HO)
)
\@linkdim=\dimen197
\Hy@linkcounter=\count275
\Hy@pagecounter=\count276

("C:\Users\m2schmid\AppData\Local\Programs\MiKTeX 2.9\tex/latex/hyperref\pd1enc
.def"
File: pd1enc.def 2020/01/14 v7.00d Hyperref: PDFDocEncoding definition (HO)
Now handling font encoding PD1 ...
... no UTF-8 mapping file for font encoding PD1
)
("C:\Users\m2schmid\AppData\Local\Programs\MiKTeX 2.9\tex/generic/intcalc\intca
lc.sty"
Package: intcalc 2019/12/15 v1.3 Expandable calculations with integers (HO)
)
("C:\Users\m2schmid\AppData\Local\Programs\MiKTeX 2.9\tex/generic/etexcmds\etex
cmds.sty"
Package: etexcmds 2019/12/15 v1.7 Avoid name clashes with e-TeX commands (HO)
)
\Hy@SavedSpaceFactor=\count277
Package hyperref Info: Option `bookmarks' set `true' on input line 4421.
Package hyperref Info: Option `bookmarksopen' set `true' on input line 4421.
Package hyperref Info: Option `implicit' set `false' on input line 4421.
Package hyperref Info: Hyper figures OFF on input line 4547.
Package hyperref Info: Link nesting OFF on input line 4552.
Package hyperref Info: Hyper index ON on input line 4555.
Package hyperref Info: Plain pages OFF on input line 4562.
Package hyperref Info: Backreferencing OFF on input line 4567.
Package hyperref Info: Implicit mode OFF; no redefinition of LaTeX internals.
Package hyperref Info: Bookmarks ON on input line 4800.
\c@Hy@tempcnt=\count278

("C:\Users\m2schmid\AppData\Local\Programs\MiKTeX 2.9\tex/latex/url\url.sty"
\Urlmuskip=\muskip16
Package: url 2013/09/16  ver 3.4  Verb mode for urls, etc.
)
LaTeX Info: Redefining \url on input line 5159.
\XeTeXLinkMargin=\dimen198

("C:\Users\m2schmid\AppData\Local\Programs\MiKTeX 2.9\tex/generic/bitset\bitset
.sty"
Package: bitset 2019/12/09 v1.3 Handle bit-vector datatype (HO)

("C:\Users\m2schmid\AppData\Local\Programs\MiKTeX 2.9\tex/generic/bigintcalc\bi
gintcalc.sty"
Package: bigintcalc 2019/12/15 v1.5 Expandable calculations on big integers (HO
)
))
\Fld@menulength=\count279
\Field@Width=\dimen199
\Fld@charsize=\dimen256
Package hyperref Info: Hyper figures OFF on input line 6430.
Package hyperref Info: Link nesting OFF on input line 6435.
Package hyperref Info: Hyper index ON on input line 6438.
Package hyperref Info: backreferencing OFF on input line 6445.
Package hyperref Info: Link coloring OFF on input line 6450.
Package hyperref Info: Link coloring with OCG OFF on input line 6455.
Package hyperref Info: PDF/A mode OFF on input line 6460.
LaTeX Info: Redefining \ref on input line 6500.
LaTeX Info: Redefining \pageref on input line 6504.
\Hy@abspage=\count280


Package hyperref Message: Stopped early.

)
Package hyperref Info: Driver (autodetected): hpdftex.

("C:\Users\m2schmid\AppData\Local\Programs\MiKTeX 2.9\tex/latex/hyperref\hpdfte
x.def"
File: hpdftex.def 2020/01/14 v7.00d Hyperref driver for pdfTeX

("C:\Users\m2schmid\AppData\Local\Programs\MiKTeX 2.9\tex/latex/atveryend\atver
yend.sty"
Package: atveryend 2019-12-11 v1.11 Hooks at the very end of document (HO)
)
\Fld@listcount=\count281
\c@bookmark@seq@number=\count282

("C:\Users\m2schmid\AppData\Local\Programs\MiKTeX 2.9\tex/latex/rerunfilecheck\
rerunfilecheck.sty"
Package: rerunfilecheck 2019/12/05 v1.9 Rerun checks for auxiliary files (HO)

("C:\Users\m2schmid\AppData\Local\Programs\MiKTeX 2.9\tex/generic/uniquecounter
\uniquecounter.sty"
Package: uniquecounter 2019/12/15 v1.4 Provide unlimited unique counter (HO)
)
Package uniquecounter Info: New unique counter `rerunfilecheck' on input line 2
86.
))
("C:\Users\m2schmid\AppData\Local\Programs\MiKTeX 2.9\tex/latex/beamer\beamerba
serequires.sty"
("C:\Users\m2schmid\AppData\Local\Programs\MiKTeX 2.9\tex/latex/beamer\beamerba
secompatibility.sty")
("C:\Users\m2schmid\AppData\Local\Programs\MiKTeX 2.9\tex/latex/beamer\beamerba
sefont.sty"
("C:\Users\m2schmid\AppData\Local\Programs\MiKTeX 2.9\tex/latex/amsfonts\amssym
b.sty"
Package: amssymb 2013/01/14 v3.01 AMS font symbols

("C:\Users\m2schmid\AppData\Local\Programs\MiKTeX 2.9\tex/latex/amsfonts\amsfon
ts.sty"
Package: amsfonts 2013/01/14 v3.01 Basic AMSFonts support
\@emptytoks=\toks27
\symAMSa=\mathgroup4
\symAMSb=\mathgroup5
LaTeX Font Info:    Redeclaring math symbol \hbar on input line 98.
LaTeX Font Info:    Overwriting math alphabet `\mathfrak' in version `bold'
(Font)                  U/euf/m/n --> U/euf/b/n on input line 106.
))
("C:\Users\m2schmid\AppData\Local\Programs\MiKTeX 2.9\tex/latex/sansmathaccent\
sansmathaccent.sty"
Package: sansmathaccent 2020/01/31

("C:\Users\m2schmid\AppData\Local\Programs\MiKTeX 2.9\tex/latex/koma-script\scr
lfile.sty"
Package: scrlfile 2020/01/24 v3.29 KOMA-Script package (loading files)
)))
("C:\Users\m2schmid\AppData\Local\Programs\MiKTeX 2.9\tex/latex/beamer\beamerba
setranslator.sty"
("C:\Users\m2schmid\AppData\Local\Programs\MiKTeX 2.9\tex/latex/translator\tran
slator.sty"
Package: translator 2019-05-31 v1.12a Easy translation of strings in LaTeX
))
("C:\Users\m2schmid\AppData\Local\Programs\MiKTeX 2.9\tex/latex/beamer\beamerba
semisc.sty")
("C:\Users\m2schmid\AppData\Local\Programs\MiKTeX 2.9\tex/latex/beamer\beamerba
setwoscreens.sty")
("C:\Users\m2schmid\AppData\Local\Programs\MiKTeX 2.9\tex/latex/beamer\beamerba
seoverlay.sty"
\beamer@argscount=\count283
\beamer@lastskipcover=\skip50
\beamer@trivlistdepth=\count284
)
("C:\Users\m2schmid\AppData\Local\Programs\MiKTeX 2.9\tex/latex/beamer\beamerba
setitle.sty")
("C:\Users\m2schmid\AppData\Local\Programs\MiKTeX 2.9\tex/latex/beamer\beamerba
sesection.sty"
\c@lecture=\count285
\c@part=\count286
\c@section=\count287
\c@subsection=\count288
\c@subsubsection=\count289
)
("C:\Users\m2schmid\AppData\Local\Programs\MiKTeX 2.9\tex/latex/beamer\beamerba
seframe.sty"
\beamer@framebox=\box60
\beamer@frametitlebox=\box61
\beamer@zoombox=\box62
\beamer@zoomcount=\count290
\beamer@zoomframecount=\count291
\beamer@frametextheight=\dimen257
\c@subsectionslide=\count292
\beamer@frametopskip=\skip51
\beamer@framebottomskip=\skip52
\beamer@frametopskipautobreak=\skip53
\beamer@framebottomskipautobreak=\skip54
\beamer@envbody=\toks28
\framewidth=\dimen258
\c@framenumber=\count293
)
("C:\Users\m2schmid\AppData\Local\Programs\MiKTeX 2.9\tex/latex/beamer\beamerba
severbatim.sty"
\beamer@verbatimfileout=\write4
)
("C:\Users\m2schmid\AppData\Local\Programs\MiKTeX 2.9\tex/latex/beamer\beamerba
seframesize.sty"
\beamer@splitbox=\box63
\beamer@autobreakcount=\count294
\beamer@autobreaklastheight=\dimen259
\beamer@frametitletoks=\toks29
\beamer@framesubtitletoks=\toks30
)
("C:\Users\m2schmid\AppData\Local\Programs\MiKTeX 2.9\tex/latex/beamer\beamerba
seframecomponents.sty"
\beamer@footins=\box64
)
("C:\Users\m2schmid\AppData\Local\Programs\MiKTeX 2.9\tex/latex/beamer\beamerba
secolor.sty")
("C:\Users\m2schmid\AppData\Local\Programs\MiKTeX 2.9\tex/latex/beamer\beamerba
senotes.sty"
\beamer@frameboxcopy=\box65
)
("C:\Users\m2schmid\AppData\Local\Programs\MiKTeX 2.9\tex/latex/beamer\beamerba
setoc.sty")
("C:\Users\m2schmid\AppData\Local\Programs\MiKTeX 2.9\tex/latex/beamer\beamerba
setemplates.sty"
\beamer@sbttoks=\toks31

("C:\Users\m2schmid\AppData\Local\Programs\MiKTeX 2.9\tex/latex/beamer\beamerba
seauxtemplates.sty"
("C:\Users\m2schmid\AppData\Local\Programs\MiKTeX 2.9\tex/latex/beamer\beamerba
seboxes.sty"
\bmb@box=\box66
\bmb@colorbox=\box67
\bmb@boxshadow=\box68
\bmb@boxshadowball=\box69
\bmb@boxshadowballlarge=\box70
\bmb@temp=\dimen260
\bmb@dima=\dimen261
\bmb@dimb=\dimen262
\bmb@prevheight=\dimen263
)
\beamer@blockheadheight=\dimen264
))
("C:\Users\m2schmid\AppData\Local\Programs\MiKTeX 2.9\tex/latex/beamer\beamerba
selocalstructure.sty"
("C:\Users\m2schmid\AppData\Local\Programs\MiKTeX 2.9\tex/latex/tools\enumerate
.sty"
Package: enumerate 2015/07/23 v3.00 enumerate extensions (DPC)
\@enLab=\toks32
)
\c@figure=\count295
\c@table=\count296
\abovecaptionskip=\skip55
\belowcaptionskip=\skip56
)
("C:\Users\m2schmid\AppData\Local\Programs\MiKTeX 2.9\tex/latex/beamer\beamerba
senavigation.sty"
\beamer@section@min@dim=\dimen265
)
("C:\Users\m2schmid\AppData\Local\Programs\MiKTeX 2.9\tex/latex/beamer\beamerba
setheorems.sty"
("C:\Users\m2schmid\AppData\Local\Programs\MiKTeX 2.9\tex/latex/amsmath\amsmath
.sty"
Package: amsmath 2020/01/20 v2.17e AMS math features
\@mathmargin=\skip57

For additional information on amsmath, use the `?' option.

("C:\Users\m2schmid\AppData\Local\Programs\MiKTeX 2.9\tex/latex/amsmath\amstext
.sty"
Package: amstext 2000/06/29 v2.01 AMS text

("C:\Users\m2schmid\AppData\Local\Programs\MiKTeX 2.9\tex/latex/amsmath\amsgen.
sty"
File: amsgen.sty 1999/11/30 v2.0 generic functions
\@emptytoks=\toks33
\ex@=\dimen266
))
("C:\Users\m2schmid\AppData\Local\Programs\MiKTeX 2.9\tex/latex/amsmath\amsbsy.
sty"
Package: amsbsy 1999/11/29 v1.2d Bold Symbols
\pmbraise@=\dimen267
)
("C:\Users\m2schmid\AppData\Local\Programs\MiKTeX 2.9\tex/latex/amsmath\amsopn.
sty"
Package: amsopn 2016/03/08 v2.02 operator names
)
\inf@bad=\count297
LaTeX Info: Redefining \frac on input line 227.
\uproot@=\count298
\leftroot@=\count299
LaTeX Info: Redefining \overline on input line 389.
\classnum@=\count300
\DOTSCASE@=\count301
LaTeX Info: Redefining \ldots on input line 486.
LaTeX Info: Redefining \dots on input line 489.
LaTeX Info: Redefining \cdots on input line 610.
\Mathstrutbox@=\box71
\strutbox@=\box72
\big@size=\dimen268
LaTeX Font Info:    Redeclaring font encoding OML on input line 733.
LaTeX Font Info:    Redeclaring font encoding OMS on input line 734.
\macc@depth=\count302
\c@MaxMatrixCols=\count303
\dotsspace@=\muskip17
\c@parentequation=\count304
\dspbrk@lvl=\count305
\tag@help=\toks34
\row@=\count306
\column@=\count307
\maxfields@=\count308
\andhelp@=\toks35
\eqnshift@=\dimen269
\alignsep@=\dimen270
\tagshift@=\dimen271
\tagwidth@=\dimen272
\totwidth@=\dimen273
\lineht@=\dimen274
\@envbody=\toks36
\multlinegap=\skip58
\multlinetaggap=\skip59
\mathdisplay@stack=\toks37
LaTeX Info: Redefining \[ on input line 2859.
LaTeX Info: Redefining \] on input line 2860.
)
("C:\Users\m2schmid\AppData\Local\Programs\MiKTeX 2.9\tex/latex/amscls\amsthm.s
ty"
Package: amsthm 2017/10/31 v2.20.4
\thm@style=\toks38
\thm@bodyfont=\toks39
\thm@headfont=\toks40
\thm@notefont=\toks41
\thm@headpunct=\toks42
\thm@preskip=\skip60
\thm@postskip=\skip61
\thm@headsep=\skip62
\dth@everypar=\toks43
)
\c@theorem=\count309
)
("C:\Users\m2schmid\AppData\Local\Programs\MiKTeX 2.9\tex/latex/beamer\beamerba
sethemes.sty"))
("C:\Users\m2schmid\AppData\Local\Programs\MiKTeX 2.9\tex/latex/beamer\beamerth
emedefault.sty"
("C:\Users\m2schmid\AppData\Local\Programs\MiKTeX 2.9\tex/latex/beamer\beamerfo
ntthemedefault.sty")
("C:\Users\m2schmid\AppData\Local\Programs\MiKTeX 2.9\tex/latex/beamer\beamerco
lorthemedefault.sty")
("C:\Users\m2schmid\AppData\Local\Programs\MiKTeX 2.9\tex/latex/beamer\beamerin
nerthemedefault.sty"
\beamer@dima=\dimen275
\beamer@dimb=\dimen276
)
("C:\Users\m2schmid\AppData\Local\Programs\MiKTeX 2.9\tex/latex/beamer\beamerou
terthemedefault.sty"))) (common.tex
("C:\Users\m2schmid\AppData\Local\Programs\MiKTeX 2.9\tex/latex/base\inputenc.s
ty"
Package: inputenc 2018/08/11 v1.3c Input encoding file
\inpenc@prehook=\toks44
\inpenc@posthook=\toks45
)
("C:\Users\m2schmid\AppData\Local\Programs\MiKTeX 2.9\tex/latex/base\fontenc.st
y"
Package: fontenc 2020/02/11 v2.0o Standard LaTeX package
)
("C:\Users\m2schmid\AppData\Local\Programs\MiKTeX 2.9\tex/latex/epic\epic.sty"
Enhancements to Picture Environment. Version 1.2 - Released June 1, 1986
\@@multicnt=\count310
\d@lta=\count311
\@delta=\dimen277
\@@delta=\dimen278
\@gridcnt=\count312
\@joinkind=\count313
\@dotgap=\dimen279
\@ddotgap=\dimen280
\@x@diff=\count314
\@y@diff=\count315
\x@diff=\dimen281
\y@diff=\dimen282
\@dotbox=\box73
\num@segments=\count316
\num@segmentsi=\count317
\@datafile=\read3
)
("C:\Users\m2schmid\AppData\Local\Programs\MiKTeX 2.9\tex/latex/tools\array.sty
"
Package: array 2019/08/31 v2.4l Tabular extension package (FMi)
\col@sep=\dimen283
\ar@mcellbox=\box74
\extrarowheight=\dimen284
\NC@list=\toks46
\extratabsurround=\skip63
\backup@length=\skip64
\ar@cellbox=\box75
)
("C:\Users\m2schmid\AppData\Local\Programs\MiKTeX 2.9\tex/latex/base\ifthen.sty
"
Package: ifthen 2014/09/29 v1.1c Standard LaTeX ifthen package (DPC)
)
("C:\Users\m2schmid\AppData\Local\Programs\MiKTeX 2.9\tex/latex/lm\lmodern.sty"
Package: lmodern 2009/10/30 v1.6 Latin Modern Fonts
LaTeX Font Info:    Overwriting symbol font `operators' in version `normal'
(Font)                  OT1/cmr/m/n --> OT1/lmr/m/n on input line 22.
LaTeX Font Info:    Overwriting symbol font `letters' in version `normal'
(Font)                  OML/cmm/m/it --> OML/lmm/m/it on input line 23.
LaTeX Font Info:    Overwriting symbol font `symbols' in version `normal'
(Font)                  OMS/cmsy/m/n --> OMS/lmsy/m/n on input line 24.
LaTeX Font Info:    Overwriting symbol font `largesymbols' in version `normal'
(Font)                  OMX/cmex/m/n --> OMX/lmex/m/n on input line 25.
LaTeX Font Info:    Overwriting symbol font `operators' in version `bold'
(Font)                  OT1/cmr/bx/n --> OT1/lmr/bx/n on input line 26.
LaTeX Font Info:    Overwriting symbol font `letters' in version `bold'
(Font)                  OML/cmm/b/it --> OML/lmm/b/it on input line 27.
LaTeX Font Info:    Overwriting symbol font `symbols' in version `bold'
(Font)                  OMS/cmsy/b/n --> OMS/lmsy/b/n on input line 28.
LaTeX Font Info:    Overwriting symbol font `largesymbols' in version `bold'
(Font)                  OMX/cmex/m/n --> OMX/lmex/m/n on input line 29.
LaTeX Font Info:    Overwriting math alphabet `\mathbf' in version `normal'
(Font)                  OT1/cmr/bx/n --> OT1/lmr/bx/n on input line 31.
LaTeX Font Info:    Overwriting math alphabet `\mathsf' in version `normal'
(Font)                  OT1/cmss/m/n --> OT1/lmss/m/n on input line 32.
LaTeX Font Info:    Overwriting math alphabet `\mathit' in version `normal'
(Font)                  OT1/cmr/m/it --> OT1/lmr/m/it on input line 33.
LaTeX Font Info:    Overwriting math alphabet `\mathtt' in version `normal'
(Font)                  OT1/cmtt/m/n --> OT1/lmtt/m/n on input line 34.
LaTeX Font Info:    Overwriting math alphabet `\mathbf' in version `bold'
(Font)                  OT1/cmr/bx/n --> OT1/lmr/bx/n on input line 35.
LaTeX Font Info:    Overwriting math alphabet `\mathsf' in version `bold'
(Font)                  OT1/cmss/bx/n --> OT1/lmss/bx/n on input line 36.
LaTeX Font Info:    Overwriting math alphabet `\mathit' in version `bold'
(Font)                  OT1/cmr/bx/it --> OT1/lmr/bx/it on input line 37.
LaTeX Font Info:    Overwriting math alphabet `\mathtt' in version `bold'
(Font)                  OT1/cmtt/m/n --> OT1/lmtt/m/n on input line 38.
)
("C:\Users\m2schmid\AppData\Local\Programs\MiKTeX 2.9\tex/latex/pgf/frontendlay
er\tikz.sty"
("C:\Users\m2schmid\AppData\Local\Programs\MiKTeX 2.9\tex/latex/pgf/basiclayer\
pgf.sty"
Package: pgf 2020/01/08 v3.1.5b (3.1.5b)

("C:\Users\m2schmid\AppData\Local\Programs\MiKTeX 2.9\tex/generic/pgf/modules\p
gfmoduleshapes.code.tex"
File: pgfmoduleshapes.code.tex 2020/01/08 v3.1.5b (3.1.5b)
\pgfnodeparttextbox=\box76
)
("C:\Users\m2schmid\AppData\Local\Programs\MiKTeX 2.9\tex/generic/pgf/modules\p
gfmoduleplot.code.tex"
File: pgfmoduleplot.code.tex 2020/01/08 v3.1.5b (3.1.5b)
)
("C:\Users\m2schmid\AppData\Local\Programs\MiKTeX 2.9\tex/latex/pgf/compatibili
ty\pgfcomp-version-0-65.sty"
Package: pgfcomp-version-0-65 2020/01/08 v3.1.5b (3.1.5b)
\pgf@nodesepstart=\dimen285
\pgf@nodesepend=\dimen286
)
("C:\Users\m2schmid\AppData\Local\Programs\MiKTeX 2.9\tex/latex/pgf/compatibili
ty\pgfcomp-version-1-18.sty"
Package: pgfcomp-version-1-18 2020/01/08 v3.1.5b (3.1.5b)
))
("C:\Users\m2schmid\AppData\Local\Programs\MiKTeX 2.9\tex/latex/pgf/utilities\p
gffor.sty"
("C:\Users\m2schmid\AppData\Local\Programs\MiKTeX 2.9\tex/latex/pgf/utilities\p
gfkeys.sty"
("C:\Users\m2schmid\AppData\Local\Programs\MiKTeX 2.9\tex/generic/pgf/utilities
\pgfkeys.code.tex"))
("C:\Users\m2schmid\AppData\Local\Programs\MiKTeX 2.9\tex/latex/pgf/math\pgfmat
h.sty"
("C:\Users\m2schmid\AppData\Local\Programs\MiKTeX 2.9\tex/generic/pgf/math\pgfm
ath.code.tex"))
("C:\Users\m2schmid\AppData\Local\Programs\MiKTeX 2.9\tex/generic/pgf/utilities
\pgffor.code.tex"
Package: pgffor 2020/01/08 v3.1.5b (3.1.5b)

("C:\Users\m2schmid\AppData\Local\Programs\MiKTeX 2.9\tex/generic/pgf/math\pgfm
ath.code.tex")
\pgffor@iter=\dimen287
\pgffor@skip=\dimen288
\pgffor@stack=\toks47
\pgffor@toks=\toks48
))
("C:\Users\m2schmid\AppData\Local\Programs\MiKTeX 2.9\tex/generic/pgf/frontendl
ayer/tikz\tikz.code.tex"
Package: tikz 2020/01/08 v3.1.5b (3.1.5b)

("C:\Users\m2schmid\AppData\Local\Programs\MiKTeX 2.9\tex/generic/pgf/libraries
\pgflibraryplothandlers.code.tex"
File: pgflibraryplothandlers.code.tex 2020/01/08 v3.1.5b (3.1.5b)
\pgf@plot@mark@count=\count318
\pgfplotmarksize=\dimen289
)
\tikz@lastx=\dimen290
\tikz@lasty=\dimen291
\tikz@lastxsaved=\dimen292
\tikz@lastysaved=\dimen293
\tikz@lastmovetox=\dimen294
\tikz@lastmovetoy=\dimen295
\tikzleveldistance=\dimen296
\tikzsiblingdistance=\dimen297
\tikz@figbox=\box77
\tikz@figbox@bg=\box78
\tikz@tempbox=\box79
\tikz@tempbox@bg=\box80
\tikztreelevel=\count319
\tikznumberofchildren=\count320
\tikznumberofcurrentchild=\count321
\tikz@fig@count=\count322

("C:\Users\m2schmid\AppData\Local\Programs\MiKTeX 2.9\tex/generic/pgf/modules\p
gfmodulematrix.code.tex"
File: pgfmodulematrix.code.tex 2020/01/08 v3.1.5b (3.1.5b)
\pgfmatrixcurrentrow=\count323
\pgfmatrixcurrentcolumn=\count324
\pgf@matrix@numberofcolumns=\count325
)
\tikz@expandcount=\count326

("C:\Users\m2schmid\AppData\Local\Programs\MiKTeX 2.9\tex/generic/pgf/frontendl
ayer/tikz/libraries\tikzlibrarytopaths.code.tex"
File: tikzlibrarytopaths.code.tex 2020/01/08 v3.1.5b (3.1.5b)
)))
("C:\Users\m2schmid\AppData\Local\Programs\MiKTeX 2.9\tex/latex/pgfplots\pgfplo
ts.sty"
("C:\Users\m2schmid\AppData\Local\Programs\MiKTeX 2.9\tex/generic/pgfplots\pgfp
lots.revision.tex")
Package: pgfplots 2020/02/29 v1.17 Data Visualization (1.17)

("C:\Users\m2schmid\AppData\Local\Programs\MiKTeX 2.9\tex/generic/pgfplots\pgfp
lots.code.tex"
("C:\Users\m2schmid\AppData\Local\Programs\MiKTeX 2.9\tex/generic/pgfplots\pgfp
lotscore.code.tex"
\t@pgfplots@toka=\toks49
\t@pgfplots@tokb=\toks50
\t@pgfplots@tokc=\toks51
\pgfplots@tmpa=\dimen298
\c@pgfplots@coordindex=\count327
\c@pgfplots@scanlineindex=\count328

("C:\Users\m2schmid\AppData\Local\Programs\MiKTeX 2.9\tex/generic/pgfplots/sys\
pgfplotssysgeneric.code.tex"))
("C:\Users\m2schmid\AppData\Local\Programs\MiKTeX 2.9\tex/generic/pgfplots/libs
\pgfplotslibrary.code.tex")
("C:\Users\m2schmid\AppData\Local\Programs\MiKTeX 2.9\tex/generic/pgfplots/oldp
gfcompatib\pgfplotsoldpgfsupp_loader.code.tex"
("C:\Users\m2schmid\AppData\Local\Programs\MiKTeX 2.9\tex/generic/pgf/libraries
\pgflibraryfpu.code.tex"))
("C:\Users\m2schmid\AppData\Local\Programs\MiKTeX 2.9\tex/generic/pgfplots/util
\pgfplotsutil.code.tex"
("C:\Users\m2schmid\AppData\Local\Programs\MiKTeX 2.9\tex/generic/pgfplots/list
structure\pgfplotsliststructure.code.tex")
("C:\Users\m2schmid\AppData\Local\Programs\MiKTeX 2.9\tex/generic/pgfplots/list
structure\pgfplotsliststructureext.code.tex")
("C:\Users\m2schmid\AppData\Local\Programs\MiKTeX 2.9\tex/generic/pgfplots/list
structure\pgfplotsarray.code.tex"
\c@pgfplotsarray@tmp=\count329
)
("C:\Users\m2schmid\AppData\Local\Programs\MiKTeX 2.9\tex/generic/pgfplots/list
structure\pgfplotsmatrix.code.tex")
("C:\Users\m2schmid\AppData\Local\Programs\MiKTeX 2.9\tex/generic/pgfplots/numt
able\pgfplotstableshared.code.tex"
\c@pgfplotstable@counta=\count330
\t@pgfplotstable@a=\toks52
)
("C:\Users\m2schmid\AppData\Local\Programs\MiKTeX 2.9\tex/generic/pgfplots/list
structure\pgfplotsdeque.code.tex")
("C:\Users\m2schmid\AppData\Local\Programs\MiKTeX 2.9\tex/generic/pgfplots/util
\pgfplotsbinary.code.tex"
("C:\Users\m2schmid\AppData\Local\Programs\MiKTeX 2.9\tex/generic/pgfplots/util
\pgfplotsbinary.data.code.tex"))
("C:\Users\m2schmid\AppData\Local\Programs\MiKTeX 2.9\tex/generic/pgfplots/util
\pgfplotsutil.verb.code.tex")
("C:\Users\m2schmid\AppData\Local\Programs\MiKTeX 2.9\tex/generic/pgfplots/libs
\pgflibrarypgfplots.surfshading.code.tex"
\c@pgfplotslibrarysurf@no=\count331

("C:\Users\m2schmid\AppData\Local\Programs\MiKTeX 2.9\tex/generic/pgfplots/sys\
pgflibrarypgfplots.surfshading.pgfsys-pdftex.def")))
("C:\Users\m2schmid\AppData\Local\Programs\MiKTeX 2.9\tex/generic/pgfplots/util
\pgfplotscolormap.code.tex"
("C:\Users\m2schmid\AppData\Local\Programs\MiKTeX 2.9\tex/generic/pgfplots/util
\pgfplotscolor.code.tex"))
("C:\Users\m2schmid\AppData\Local\Programs\MiKTeX 2.9\tex/generic/pgfplots\pgfp
lotsstackedplots.code.tex")
("C:\Users\m2schmid\AppData\Local\Programs\MiKTeX 2.9\tex/generic/pgfplots\pgfp
lotsplothandlers.code.tex"
("C:\Users\m2schmid\AppData\Local\Programs\MiKTeX 2.9\tex/generic/pgfplots\pgfp
lotsmeshplothandler.code.tex"
("C:\Users\m2schmid\AppData\Local\Programs\MiKTeX 2.9\tex/generic/pgfplots\pgfp
lotsmeshplotimage.code.tex")))
("C:\Users\m2schmid\AppData\Local\Programs\MiKTeX 2.9\tex/generic/pgfplots\pgfp
lots.scaling.code.tex")
("C:\Users\m2schmid\AppData\Local\Programs\MiKTeX 2.9\tex/generic/pgfplots\pgfp
lotscoordprocessing.code.tex")
("C:\Users\m2schmid\AppData\Local\Programs\MiKTeX 2.9\tex/generic/pgfplots\pgfp
lots.errorbars.code.tex")
("C:\Users\m2schmid\AppData\Local\Programs\MiKTeX 2.9\tex/generic/pgfplots\pgfp
lots.markers.code.tex")
("C:\Users\m2schmid\AppData\Local\Programs\MiKTeX 2.9\tex/generic/pgfplots\pgfp
lotsticks.code.tex")
("C:\Users\m2schmid\AppData\Local\Programs\MiKTeX 2.9\tex/generic/pgfplots\pgfp
lots.paths.code.tex")
("C:\Users\m2schmid\AppData\Local\Programs\MiKTeX 2.9\tex/generic/pgf/frontendl
ayer/tikz/libraries\tikzlibrarydecorations.code.tex"
("C:\Users\m2schmid\AppData\Local\Programs\MiKTeX 2.9\tex/generic/pgf/modules\p
gfmoduledecorations.code.tex"
\pgfdecoratedcompleteddistance=\dimen299
\pgfdecoratedremainingdistance=\dimen300
\pgfdecoratedinputsegmentcompleteddistance=\dimen301
\pgfdecoratedinputsegmentremainingdistance=\dimen302
\pgf@decorate@distancetomove=\dimen303
\pgf@decorate@repeatstate=\count332
\pgfdecorationsegmentamplitude=\dimen304
\pgfdecorationsegmentlength=\dimen305
)
\tikz@lib@dec@box=\box81
)
("C:\Users\m2schmid\AppData\Local\Programs\MiKTeX 2.9\tex/generic/pgf/frontendl
ayer/tikz/libraries\tikzlibrarydecorations.pathmorphing.code.tex"
("C:\Users\m2schmid\AppData\Local\Programs\MiKTeX 2.9\tex/generic/pgf/libraries
/decorations\pgflibrarydecorations.pathmorphing.code.tex"))
("C:\Users\m2schmid\AppData\Local\Programs\MiKTeX 2.9\tex/generic/pgf/frontendl
ayer/tikz/libraries\tikzlibrarydecorations.pathreplacing.code.tex"
("C:\Users\m2schmid\AppData\Local\Programs\MiKTeX 2.9\tex/generic/pgf/libraries
/decorations\pgflibrarydecorations.pathreplacing.code.tex"))
\pgfplots@numplots=\count333
\pgfplots@xmin@reg=\dimen306
\pgfplots@xmax@reg=\dimen307
\pgfplots@ymin@reg=\dimen308
\pgfplots@ymax@reg=\dimen309
\pgfplots@zmin@reg=\dimen310
\pgfplots@zmax@reg=\dimen311
)
("C:\Users\m2schmid\AppData\Local\Programs\MiKTeX 2.9\tex/generic/pgf/frontendl
ayer/tikz/libraries\tikzlibraryplotmarks.code.tex"
File: tikzlibraryplotmarks.code.tex 2020/01/08 v3.1.5b (3.1.5b)

("C:\Users\m2schmid\AppData\Local\Programs\MiKTeX 2.9\tex/generic/pgf/libraries
\pgflibraryplotmarks.code.tex"
File: pgflibraryplotmarks.code.tex 2020/01/08 v3.1.5b (3.1.5b)
)))
("C:\Users\m2schmid\AppData\Local\Programs\MiKTeX 2.9\tex/latex/listings\listin
gs.sty"
\lst@mode=\count334
\lst@gtempboxa=\box82
\lst@token=\toks53
\lst@length=\count335
\lst@currlwidth=\dimen312
\lst@column=\count336
\lst@pos=\count337
\lst@lostspace=\dimen313
\lst@width=\dimen314
\lst@newlines=\count338
\lst@lineno=\count339
\lst@maxwidth=\dimen315

("C:\Users\m2schmid\AppData\Local\Programs\MiKTeX 2.9\tex/latex/listings\lstmis
c.sty"
File: lstmisc.sty 2019/09/10 1.8c (Carsten Heinz)
\c@lstnumber=\count340
\lst@skipnumbers=\count341
\lst@framebox=\box83
)
("C:\Users\m2schmid\AppData\Local\Programs\MiKTeX 2.9\tex/latex/listings\listin
gs.cfg"
File: listings.cfg 2019/09/10 1.8c listings configuration
))
Package: listings 2019/09/10 1.8c (Carsten Heinz)

("C:\Users\m2schmid\AppData\Local\Programs\MiKTeX 2.9\tex/latex/svg\svg.sty"
Package: svg 2020/01/13 v2.02e (include SVG pictures)

("C:\Users\m2schmid\AppData\Local\Programs\MiKTeX 2.9\tex/latex/koma-script\scr
base.sty"
Package: scrbase 2020/01/24 v3.29 KOMA-Script package (KOMA-Script-independent 
basics and keyval usage)
)
("C:\Users\m2schmid\AppData\Local\Programs\MiKTeX 2.9\tex/latex/tools\shellesc.
sty"
Package: shellesc 2019/11/08 v1.0c unified shell escape interface for LaTeX
Package shellesc Info: Restricted shell escape enabled on input line 77.
)
("C:\Users\m2schmid\AppData\Local\Programs\MiKTeX 2.9\tex/latex/trimspaces\trim
spaces.sty"
Package: trimspaces 2009/09/17 v1.1 Trim spaces around a token list
)
\svg@box=\box84
\c@svg@param@lastpage=\count342
\c@svg@param@currpage=\count343
)
("C:\Users\m2schmid\AppData\Local\Programs\MiKTeX 2.9\tex/latex/transparent\tra
nsparent.sty"
Package: transparent 2019/11/29 v1.4 Transparency via pdfTeX's color stack (HO)

)
("C:\Users\m2schmid\AppData\Local\Programs\MiKTeX 2.9\tex/latex/media9\media9.s
ty"
("C:\Users\m2schmid\AppData\Local\Programs\MiKTeX 2.9\tex/latex/l3kernel\expl3.
sty"
Package: expl3 2020-03-06 L3 programming layer (loader) 

("C:\Users\m2schmid\AppData\Local\Programs\MiKTeX 2.9\tex/latex/l3backend\l3bac
kend-pdfmode.def"
File: l3backend-pdfmode.def 2020-03-12 L3 backend support: PDF mode
\l__kernel_color_stack_int=\count344
\l__pdf_internal_box=\box85
))
("C:\Users\m2schmid\AppData\Local\Programs\MiKTeX 2.9\tex/latex/l3packages/l3ke
ys2e\l3keys2e.sty"
Package: l3keys2e 2020-03-06 LaTeX2e option processing using LaTeX3 keys
)
("C:\Users\m2schmid\AppData\Local\Programs\MiKTeX 2.9\tex/latex/l3packages/xpar
se\xparse.sty"
Package: xparse 2020-03-06 L3 Experimental document command parser
\l__xparse_current_arg_int=\count345
\g__xparse_grabber_int=\count346
\l__xparse_m_args_int=\count347
\l__xparse_v_nesting_int=\count348
)
Package: media9 2020/03/25 v1.10 acrobat-9/X compatible media
\g_mix_pkgresizeflag_int=\count349

("C:\Users\m2schmid\AppData\Local\Programs\MiKTeX 2.9\tex/latex/media9\pdfbase.
sty"
Package: pdfbase 2020/03/25 v0.41 driver independent access to low-level PDF fe
atures
\g_pbs_page_int=\count350
\g_pbs_oc_int=\count351
)
("C:\Users\m2schmid\AppData\Local\Programs\MiKTeX 2.9\tex/latex/ocgx2\ocgbase.s
ty"
Package: ocgbase 2019/11/04 v0.17 support package for ocgx2.sty
\g_ocgbase_nd_int=\count352
)
\l_mix_poster_box=\box86
\g_mix_wd_dim=\dimen316
\g_mix_ht_dim=\dimen317
\g_mix_dp_dim=\dimen318
\g_mix_rmcnt_int=\count353
\l_mix_viewcnt_int=\count354
\g@mix@page@int=\count355
\g_mix_resizeflag_int=\count356
\l_mix_lineno_int=\count357
\l_mix_pbtn_box=\box87
\mix@btn@dim=\dimen319
\g_mix_mbtncnt_int=\count358
)
("C:\Users\m2schmid\AppData\Local\Programs\MiKTeX 2.9\tex/latex/parskip\parskip
.sty"
Package: parskip 2020-01-22 v2.0d non-zero parskip adjustments
)
("C:\Users\m2schmid\AppData\Local\Programs\MiKTeX 2.9\tex/generic/pgf/frontendl
ayer/tikz/libraries\tikzlibraryshapes.geometric.code.tex"
File: tikzlibraryshapes.geometric.code.tex 2020/01/08 v3.1.5b (3.1.5b)

("C:\Users\m2schmid\AppData\Local\Programs\MiKTeX 2.9\tex/generic/pgf/libraries
/shapes\pgflibraryshapes.geometric.code.tex"
File: pgflibraryshapes.geometric.code.tex 2020/01/08 v3.1.5b (3.1.5b)
))
("C:\Users\m2schmid\AppData\Local\Programs\MiKTeX 2.9\tex/latex/beamer\beamerth
emeFrankfurt.sty"
("C:\Users\m2schmid\AppData\Local\Programs\MiKTeX 2.9\tex/latex/beamer\beamerou
terthemesmoothbars.sty")
("C:\Users\m2schmid\AppData\Local\Programs\MiKTeX 2.9\tex/latex/beamer\beamerin
nerthemerounded.sty")
("C:\Users\m2schmid\AppData\Local\Programs\MiKTeX 2.9\tex/latex/beamer\beamerco
lorthemeorchid.sty")
("C:\Users\m2schmid\AppData\Local\Programs\MiKTeX 2.9\tex/latex/beamer\beamerco
lorthemewhale.sty")))
("C:\Users\m2schmid\AppData\Local\Programs\MiKTeX 2.9\tex/generic/pgf/frontendl
ayer/tikz/libraries\tikzlibrarybackgrounds.code.tex"
File: tikzlibrarybackgrounds.code.tex 2020/01/08 v3.1.5b (3.1.5b)
\pgf@layerbox@background=\box88
\pgf@layerboxsaved@background=\box89
) (presentation.aux)
\openout1 = `presentation.aux'.

LaTeX Font Info:    Checking defaults for OML/cmm/m/it on input line 12.
LaTeX Font Info:    ... okay on input line 12.
LaTeX Font Info:    Checking defaults for OMS/cmsy/m/n on input line 12.
LaTeX Font Info:    ... okay on input line 12.
LaTeX Font Info:    Checking defaults for OT1/cmr/m/n on input line 12.
LaTeX Font Info:    ... okay on input line 12.
LaTeX Font Info:    Checking defaults for T1/cmr/m/n on input line 12.
LaTeX Font Info:    ... okay on input line 12.
LaTeX Font Info:    Checking defaults for TS1/cmr/m/n on input line 12.
LaTeX Font Info:    ... okay on input line 12.
LaTeX Font Info:    Checking defaults for OMX/cmex/m/n on input line 12.
LaTeX Font Info:    ... okay on input line 12.
LaTeX Font Info:    Checking defaults for U/cmr/m/n on input line 12.
LaTeX Font Info:    ... okay on input line 12.
LaTeX Font Info:    Checking defaults for PD1/pdf/m/n on input line 12.
LaTeX Font Info:    ... okay on input line 12.
LaTeX Font Info:    Trying to load font information for T1+lmss on input line 1
2.

("C:\Users\m2schmid\AppData\Local\Programs\MiKTeX 2.9\tex/latex/lm\t1lmss.fd"
File: t1lmss.fd 2009/10/30 v1.6 Font defs for Latin Modern
)
*geometry* driver: auto-detecting
*geometry* detected driver: pdftex
*geometry* verbose mode - [ preamble ] result:
* driver: pdftex
* paper: custom
* layout: <same size as paper>
* layoutoffset:(h,v)=(0.0pt,0.0pt)
* modes: includehead includefoot 
* h-part:(L,W,R)=(28.45274pt, 398.3386pt, 28.45274pt)
* v-part:(T,H,B)=(0.0pt, 256.0748pt, 0.0pt)
* \paperwidth=455.24408pt
* \paperheight=256.0748pt
* \textwidth=398.3386pt
* \textheight=227.62207pt
* \oddsidemargin=-43.81725pt
* \evensidemargin=-43.81725pt
* \topmargin=-72.26999pt
* \headheight=14.22636pt
* \headsep=0.0pt
* \topskip=11.0pt
* \footskip=14.22636pt
* \marginparwidth=4.0pt
* \marginparsep=10.0pt
* \columnsep=10.0pt
* \skip\footins=10.0pt plus 4.0pt minus 2.0pt
* \hoffset=0.0pt
* \voffset=0.0pt
* \mag=1000
* \@twocolumnfalse
* \@twosidefalse
* \@mparswitchfalse
* \@reversemarginfalse
* (1in=72.27pt=25.4mm, 1cm=28.453pt)


("C:\Users\m2schmid\AppData\Local\Programs\MiKTeX 2.9\tex/context/base/mkii\sup
p-pdf.mkii"
[Loading MPS to PDF converter (version 2006.09.02).]
\scratchcounter=\count359
\scratchdimen=\dimen320
\scratchbox=\box90
\nofMPsegments=\count360
\nofMParguments=\count361
\everyMPshowfont=\toks54
\MPscratchCnt=\count362
\MPscratchDim=\dimen321
\MPnumerator=\count363
\makeMPintoPDFobject=\count364
\everyMPtoPDFconversion=\toks55
)
("C:\Users\m2schmid\AppData\Local\Programs\MiKTeX 2.9\tex/latex/epstopdf-pkg\ep
stopdf-base.sty"
Package: epstopdf-base 2020-01-24 v2.11 Base part for package epstopdf
Package epstopdf-base Info: Redefining graphics rule for `.eps' on input line 4
85.
) ABD: EveryShipout initializing macros
\AtBeginShipoutBox=\box91
Package hyperref Info: Link coloring OFF on input line 12.

("C:\Users\m2schmid\AppData\Local\Programs\MiKTeX 2.9\tex/latex/hyperref\namere
f.sty"
Package: nameref 2019/09/16 v2.46 Cross-referencing by name of section

("C:\Users\m2schmid\AppData\Local\Programs\MiKTeX 2.9\tex/latex/refcount\refcou
nt.sty"
Package: refcount 2019/12/15 v3.6 Data extraction from label references (HO)
)
("C:\Users\m2schmid\AppData\Local\Programs\MiKTeX 2.9\tex/generic/gettitlestrin
g\gettitlestring.sty"
Package: gettitlestring 2019/12/15 v1.6 Cleanup title references (HO)
)
\c@section@level=\count365
)
LaTeX Info: Redefining \ref on input line 12.
LaTeX Info: Redefining \pageref on input line 12.
LaTeX Info: Redefining \nameref on input line 12.
 (presentation.out) (presentation.out)
\@outlinefile=\write5
\openout5 = `presentation.out'.

LaTeX Font Info:    Overwriting symbol font `operators' in version `normal'
(Font)                  OT1/lmr/m/n --> OT1/cmss/m/n on input line 12.
LaTeX Font Info:    Overwriting symbol font `operators' in version `bold'
(Font)                  OT1/lmr/bx/n --> OT1/cmss/b/n on input line 12.
LaTeX Font Info:    Overwriting symbol font `operators' in version `normal'
(Font)                  OT1/cmss/m/n --> OT1/lmss/m/n on input line 12.
LaTeX Font Info:    Overwriting symbol font `operators' in version `bold'
(Font)                  OT1/cmss/b/n --> OT1/lmss/b/n on input line 12.
\symnumbers=\mathgroup6
\sympureletters=\mathgroup7
LaTeX Font Info:    Overwriting math alphabet `\mathrm' in version `normal'
(Font)                  OT1/lmss/m/n --> T1/lmr/m/n on input line 12.
LaTeX Font Info:    Redeclaring math alphabet \mathbf on input line 12.
LaTeX Font Info:    Overwriting math alphabet `\mathbf' in version `normal'
(Font)                  OT1/lmr/bx/n --> T1/lmss/b/n on input line 12.
LaTeX Font Info:    Overwriting math alphabet `\mathbf' in version `bold'
(Font)                  OT1/lmr/bx/n --> T1/lmss/b/n on input line 12.
LaTeX Font Info:    Redeclaring math alphabet \mathsf on input line 12.
LaTeX Font Info:    Overwriting math alphabet `\mathsf' in version `normal'
(Font)                  OT1/lmss/m/n --> T1/lmss/m/n on input line 12.
LaTeX Font Info:    Overwriting math alphabet `\mathsf' in version `bold'
(Font)                  OT1/lmss/bx/n --> T1/lmss/m/n on input line 12.
LaTeX Font Info:    Redeclaring math alphabet \mathit on input line 12.
LaTeX Font Info:    Overwriting math alphabet `\mathit' in version `normal'
(Font)                  OT1/lmr/m/it --> T1/lmss/m/it on input line 12.
LaTeX Font Info:    Overwriting math alphabet `\mathit' in version `bold'
(Font)                  OT1/lmr/bx/it --> T1/lmss/m/it on input line 12.
LaTeX Font Info:    Redeclaring math alphabet \mathtt on input line 12.
LaTeX Font Info:    Overwriting math alphabet `\mathtt' in version `normal'
(Font)                  OT1/lmtt/m/n --> T1/lmtt/m/n on input line 12.
LaTeX Font Info:    Overwriting math alphabet `\mathtt' in version `bold'
(Font)                  OT1/lmtt/m/n --> T1/lmtt/m/n on input line 12.
LaTeX Font Info:    Overwriting symbol font `numbers' in version `bold'
(Font)                  T1/lmss/m/n --> T1/lmss/b/n on input line 12.
LaTeX Font Info:    Overwriting symbol font `pureletters' in version `bold'
(Font)                  T1/lmss/m/it --> T1/lmss/b/it on input line 12.
LaTeX Font Info:    Overwriting math alphabet `\mathrm' in version `bold'
(Font)                  OT1/lmss/b/n --> T1/lmr/b/n on input line 12.
LaTeX Font Info:    Overwriting math alphabet `\mathbf' in version `bold'
(Font)                  T1/lmss/b/n --> T1/lmss/b/n on input line 12.
LaTeX Font Info:    Overwriting math alphabet `\mathsf' in version `bold'
(Font)                  T1/lmss/m/n --> T1/lmss/b/n on input line 12.
LaTeX Font Info:    Overwriting math alphabet `\mathit' in version `bold'
(Font)                  T1/lmss/m/it --> T1/lmss/b/it on input line 12.
LaTeX Font Info:    Overwriting math alphabet `\mathtt' in version `bold'
(Font)                  T1/lmtt/m/n --> T1/lmtt/b/n on input line 12.

("C:\Users\m2schmid\AppData\Local\Programs\MiKTeX 2.9\tex/latex/translator\tran
slator-basic-dictionary-English.dict"
Dictionary: translator-basic-dictionary, Language: English 
)
("C:\Users\m2schmid\AppData\Local\Programs\MiKTeX 2.9\tex/latex/translator\tran
slator-bibliography-dictionary-English.dict"
Dictionary: translator-bibliography-dictionary, Language: English 
)
("C:\Users\m2schmid\AppData\Local\Programs\MiKTeX 2.9\tex/latex/translator\tran
slator-environment-dictionary-English.dict"
Dictionary: translator-environment-dictionary, Language: English 
)
("C:\Users\m2schmid\AppData\Local\Programs\MiKTeX 2.9\tex/latex/translator\tran
slator-months-dictionary-English.dict"
Dictionary: translator-months-dictionary, Language: English 
)
("C:\Users\m2schmid\AppData\Local\Programs\MiKTeX 2.9\tex/latex/translator\tran
slator-numbers-dictionary-English.dict"
Dictionary: translator-numbers-dictionary, Language: English 
)
("C:\Users\m2schmid\AppData\Local\Programs\MiKTeX 2.9\tex/latex/translator\tran
slator-theorem-dictionary-English.dict"
Dictionary: translator-theorem-dictionary, Language: English 
)

Package pgfplots Warning: running in backwards compatibility mode (unsuitable t
ick labels; missing features). Consider writing \pgfplotsset{compat=1.17} into 
your preamble.
 on input line 12.

\c@lstlisting=\count366
(presentation.nav) (slides.tex [1{C:/Users/m2schmid/AppData/Local/MiKTeX/2.9/pd
ftex/config/pdftex.map}

] (slides/intro.tex) (slides/burgers.tex
LaTeX Font Info:    Trying to load font information for OT1+lmss on input line 
73.

("C:\Users\m2schmid\AppData\Local\Programs\MiKTeX 2.9\tex/latex/lm\ot1lmss.fd"
File: ot1lmss.fd 2009/10/30 v1.6 Font defs for Latin Modern
)
LaTeX Font Info:    Trying to load font information for OML+lmm on input line 7
3.
("C:\Users\m2schmid\AppData\Local\Programs\MiKTeX 2.9\tex/latex/lm\omllmm.fd"
File: omllmm.fd 2009/10/30 v1.6 Font defs for Latin Modern
)
LaTeX Font Info:    Trying to load font information for OMS+lmsy on input line 
73.

("C:\Users\m2schmid\AppData\Local\Programs\MiKTeX 2.9\tex/latex/lm\omslmsy.fd"
File: omslmsy.fd 2009/10/30 v1.6 Font defs for Latin Modern
)
LaTeX Font Info:    Trying to load font information for OMX+lmex on input line 
73.
("C:\Users\m2schmid\AppData\Local\Programs\MiKTeX 2.9\tex/latex/lm\omxlmex.fd"
File: omxlmex.fd 2009/10/30 v1.6 Font defs for Latin Modern
)
LaTeX Font Info:    External font `lmex10' loaded for size
(Font)              <10> on input line 73.
LaTeX Font Info:    External font `lmex10' loaded for size
(Font)              <7> on input line 73.
LaTeX Font Info:    External font `lmex10' loaded for size
(Font)              <5> on input line 73.
LaTeX Font Info:    Trying to load font information for U+msa on input line 73.


("C:\Users\m2schmid\AppData\Local\Programs\MiKTeX 2.9\tex/latex/amsfonts\umsa.f
d"
File: umsa.fd 2013/01/14 v3.01 AMS symbols A
)
LaTeX Font Info:    Trying to load font information for U+msb on input line 73.


("C:\Users\m2schmid\AppData\Local\Programs\MiKTeX 2.9\tex/latex/amsfonts\umsb.f
d"
File: umsb.fd 2013/01/14 v3.01 AMS symbols B
)
LaTeX Font Info:    Font shape `T1/lmss/m/it' in size <10> not available
(Font)              Font shape `T1/lmss/m/sl' tried instead on input line 73.
LaTeX Font Info:    Font shape `T1/lmss/m/it' in size <7> not available
(Font)              Font shape `T1/lmss/m/sl' tried instead on input line 73.
LaTeX Font Info:    Font shape `T1/lmss/m/it' in size <5> not available
(Font)              Font shape `T1/lmss/m/sl' tried instead on input line 73.
 [2

] [3

]
<../BurgersEquation/images/Implicit_top.pdf, id=212, 462.52798pt x 346.89601pt>

File: ../BurgersEquation/images/Implicit_top.pdf Graphic file (type pdf)
<use ../BurgersEquation/images/Implicit_top.pdf>
Package pdftex.def Info: ../BurgersEquation/images/Implicit_top.pdf  used on in
put line 113.
(pdftex.def)             Requested size: 220.33824pt x 165.25188pt.

Overfull \hbox (21.16895pt too wide) in paragraph at lines 113--113
 [] 
 []

LaTeX Font Info:    External font `lmex10' loaded for size
(Font)              <10.95> on input line 113.
LaTeX Font Info:    External font `lmex10' loaded for size
(Font)              <8> on input line 113.
LaTeX Font Info:    External font `lmex10' loaded for size
(Font)              <6> on input line 113.
LaTeX Font Info:    Font shape `T1/lmss/m/it' in size <10.95> not available
(Font)              Font shape `T1/lmss/m/sl' tried instead on input line 113.
LaTeX Font Info:    Font shape `T1/lmss/m/it' in size <8> not available
(Font)              Font shape `T1/lmss/m/sl' tried instead on input line 113.
LaTeX Font Info:    Font shape `T1/lmss/m/it' in size <6> not available
(Font)              Font shape `T1/lmss/m/sl' tried instead on input line 113.
<../BurgersEquation/images/Implicit_front.pdf, id=213, 462.52798pt x 346.89601p
t>
File: ../BurgersEquation/images/Implicit_front.pdf Graphic file (type pdf)
<use ../BurgersEquation/images/Implicit_front.pdf>
Package pdftex.def Info: ../BurgersEquation/images/Implicit_front.pdf  used on 
input line 113.
(pdftex.def)             Requested size: 220.33824pt x 165.25188pt.

Overfull \hbox (21.16895pt too wide) in paragraph at lines 113--113
 [] 
 []

[4

 <../BurgersEquation/images/Implicit_top.pdf> <../BurgersEquation/images/Implic
it_front.pdf

pdfTeX warning: pdflatex (file ../BurgersEquation/images/Implicit_front.pdf): P
DF inclusion: multiple pdfs with page group included in a single page
>]) (slides/nwp.tex) (slides/not.tex
<../BurgersEquation/tikz/Gitter/gitter.pdf, id=284, 144.74376pt x 86.97795pt>
File: ../BurgersEquation/tikz/Gitter/gitter.pdf Graphic file (type pdf)
<use ../BurgersEquation/tikz/Gitter/gitter.pdf>
Package pdftex.def Info: ../BurgersEquation/tikz/Gitter/gitter.pdf  used on inp
ut line 28.
(pdftex.def)             Requested size: 278.83578pt x 167.58366pt.

Overfull \hbox (2.84285pt too wide) detected at line 28
[][][] $[]$[][][][][][][][] $[]$[][][][][][] 
 []

[5

 <../BurgersEquation/tikz/Gitter/gitter.pdf>]) (slides/explicit.tex [6

]
<../BurgersEquation/tikz/linear1/linear1.pdf, id=379, 102.77296pt x 83.0553pt>
File: ../BurgersEquation/tikz/linear1/linear1.pdf Graphic file (type pdf)
<use ../BurgersEquation/tikz/linear1/linear1.pdf>
Package pdftex.def Info: ../BurgersEquation/tikz/linear1/linear1.pdf  used on i
nput line 25.
(pdftex.def)             Requested size: 199.1693pt x 160.96738pt.

[7

 <../BurgersEquation/tikz/linear1/linear1.pdf>]
<../BurgersEquation/tikz/linear2/linear2.pdf, id=433, 102.77296pt x 83.0553pt>
File: ../BurgersEquation/tikz/linear2/linear2.pdf Graphic file (type pdf)
<use ../BurgersEquation/tikz/linear2/linear2.pdf>
Package pdftex.def Info: ../BurgersEquation/tikz/linear2/linear2.pdf  used on i
nput line 37.
(pdftex.def)             Requested size: 199.1693pt x 160.96738pt.
 [8

 <../BurgersEquation/tikz/linear2/linear2.pdf>]
LaTeX Font Info:    External font `lmex10' loaded for size
(Font)              <24.88> on input line 44.
LaTeX Font Info:    External font `lmex10' loaded for size
(Font)              <20.74> on input line 44.
LaTeX Font Info:    External font `lmex10' loaded for size
(Font)              <17.28> on input line 44.
LaTeX Font Info:    Font shape `T1/lmss/m/it' in size <24.88> not available
(Font)              Font shape `T1/lmss/m/sl' tried instead on input line 44.
LaTeX Font Info:    Font shape `T1/lmss/m/it' in size <20.74> not available
(Font)              Font shape `T1/lmss/m/sl' tried instead on input line 44.
LaTeX Font Info:    Font shape `T1/lmss/m/it' in size <17.28> not available
(Font)              Font shape `T1/lmss/m/sl' tried instead on input line 44.
 [9

]
<../BurgersEquation/images/multi_unstable.pdf, id=521, 1806.75pt x 939.51pt>
File: ../BurgersEquation/images/multi_unstable.pdf Graphic file (type pdf)
<use ../BurgersEquation/images/multi_unstable.pdf>
Package pdftex.def Info: ../BurgersEquation/images/multi_unstable.pdf  used on 
input line 52.
(pdftex.def)             Requested size: 398.3386pt x 207.13724pt.
 [10

 <../BurgersEquation/images/multi_unstable.pdf>]
Overfull \hbox (3.41678pt too wide) detected at line 90
\T1/lmss/m/sl/10.95 u[] \OT1/lmss/m/n/10.95 = []
 []

<../BurgersEquation/tikz/linear3/linear3.pdf, id=583, 131.22525pt x 83.0553pt>
File: ../BurgersEquation/tikz/linear3/linear3.pdf Graphic file (type pdf)
<use ../BurgersEquation/tikz/linear3/linear3.pdf>
Package pdftex.def Info: ../BurgersEquation/tikz/linear3/linear3.pdf  used on i
nput line 90.
(pdftex.def)             Requested size: 199.1693pt x 126.06412pt.
[11

 <../BurgersEquation/tikz/linear3/linear3.pdf>]
<../BurgersEquation/tikz/linear4/linear4.pdf, id=637, 131.22525pt x 83.0553pt>
File: ../BurgersEquation/tikz/linear4/linear4.pdf Graphic file (type pdf)
<use ../BurgersEquation/tikz/linear4/linear4.pdf>
Package pdftex.def Info: ../BurgersEquation/tikz/linear4/linear4.pdf  used on i
nput line 102.
(pdftex.def)             Requested size: 199.1693pt x 126.06412pt.
 [12

 <../BurgersEquation/tikz/linear4/linear4.pdf>]
<../BurgersEquation/images/Leap_Frog_front.pdf, id=690, 462.52798pt x 346.89601
pt>
File: ../BurgersEquation/images/Leap_Frog_front.pdf Graphic file (type pdf)
<use ../BurgersEquation/images/Leap_Frog_front.pdf>
Package pdftex.def Info: ../BurgersEquation/images/Leap_Frog_front.pdf  used on
 input line 126.
(pdftex.def)             Requested size: 220.33824pt x 165.25188pt.

Overfull \hbox (21.16895pt too wide) in paragraph at lines 126--126
 [] 
 []

<../BurgersEquation/images/Leap_Frog_top.pdf, id=691, 462.52798pt x 346.89601pt
>
File: ../BurgersEquation/images/Leap_Frog_top.pdf Graphic file (type pdf)
<use ../BurgersEquation/images/Leap_Frog_top.pdf>
Package pdftex.def Info: ../BurgersEquation/images/Leap_Frog_top.pdf  used on i
nput line 126.
(pdftex.def)             Requested size: 220.33824pt x 165.25188pt.

Overfull \hbox (21.16895pt too wide) in paragraph at lines 126--126
 [] 
 []

[13

 <../BurgersEquation/images/Leap_Frog_front.pdf> <../BurgersEquation/images/Lea
p_Frog_top.pdf

pdfTeX warning: pdflatex (file ../BurgersEquation/images/Leap_Frog_top.pdf): PD
F inclusion: multiple pdfs with page group included in a single page
>]) (slides/implicit.tex
Overfull \hbox (12.04262pt too wide) detected at line 20
\T1/lmss/m/sl/6 u[] \OT1/lmss/m/n/6 = []
 []

<../BurgersEquation/tikz/quadratic/quadratic.pdf, id=763, 102.77296pt x 83.0553
pt>
File: ../BurgersEquation/tikz/quadratic/quadratic.pdf Graphic file (type pdf)
<use ../BurgersEquation/tikz/quadratic/quadratic.pdf>
Package pdftex.def Info: ../BurgersEquation/tikz/quadratic/quadratic.pdf  used 
on input line 20.
(pdftex.def)             Requested size: 159.333pt x 128.77238pt.
[14

 <../BurgersEquation/tikz/quadratic/quadratic.pdf>]
<../BurgersEquation/tikz/linear5/linear5.pdf, id=815, 102.77296pt x 83.0553pt>
File: ../BurgersEquation/tikz/linear5/linear5.pdf Graphic file (type pdf)
<use ../BurgersEquation/tikz/linear5/linear5.pdf>
Package pdftex.def Info: ../BurgersEquation/tikz/linear5/linear5.pdf  used on i
nput line 31.
(pdftex.def)             Requested size: 199.1693pt x 160.96738pt.
 [15

 <../BurgersEquation/tikz/linear5/linear5.pdf>]
<../BurgersEquation/tikz/implicit/implicit.pdf, id=865, 131.22525pt x 83.0553pt
>
File: ../BurgersEquation/tikz/implicit/implicit.pdf Graphic file (type pdf)
<use ../BurgersEquation/tikz/implicit/implicit.pdf>
Package pdftex.def Info: ../BurgersEquation/tikz/implicit/implicit.pdf  used on
 input line 43.
(pdftex.def)             Requested size: 159.333pt x 100.84952pt.
 [16

 <../BurgersEquation/tikz/implicit/implicit.pdf>] [17

] [18

]
<../BurgersEquation/tex/implicit/algo_cropped.pdf, id=984, 493.845pt x 226.8475
pt>
File: ../BurgersEquation/tex/implicit/algo_cropped.pdf Graphic file (type pdf)
<use ../BurgersEquation/tex/implicit/algo_cropped.pdf>
Package pdftex.def Info: ../BurgersEquation/tex/implicit/algo_cropped.pdf  used
 on input line 100.
(pdftex.def)             Requested size: 358.50229pt x 164.67656pt.
 [19

 <../BurgersEquation/tex/implicit/algo_cropped.pdf>]
File: ../BurgersEquation/images/Implicit_front.pdf Graphic file (type pdf)
<use ../BurgersEquation/images/Implicit_front.pdf>
Package pdftex.def Info: ../BurgersEquation/images/Implicit_front.pdf  used on 
input line 134.
(pdftex.def)             Requested size: 220.33824pt x 165.25188pt.

Overfull \hbox (21.16895pt too wide) in paragraph at lines 134--134
 [] 
 []

File: ../BurgersEquation/images/Implicit_top.pdf Graphic file (type pdf)
<use ../BurgersEquation/images/Implicit_top.pdf>
Package pdftex.def Info: ../BurgersEquation/images/Implicit_top.pdf  used on in
put line 134.
(pdftex.def)             Requested size: 220.33824pt x 165.25188pt.

Overfull \hbox (21.16895pt too wide) in paragraph at lines 134--134
 [] 
 []

[20

] [21

]) (slides/sum.tex
LaTeX Font Info:    Trying to load font information for T1+lmtt on input line 3
8.

("C:\Users\m2schmid\AppData\Local\Programs\MiKTeX 2.9\tex/latex/lm\t1lmtt.fd"
File: t1lmtt.fd 2009/10/30 v1.6 Font defs for Latin Modern
)
LaTeX Font Info:    External font `lmex10' loaded for size
(Font)              <14.4> on input line 38.
LaTeX Font Info:    External font `lmex10' loaded for size
(Font)              <12> on input line 38.
LaTeX Font Info:    Font shape `T1/lmss/m/it' in size <14.4> not available
(Font)              Font shape `T1/lmss/m/sl' tried instead on input line 38.
LaTeX Font Info:    Font shape `T1/lmss/m/it' in size <12> not available
(Font)              Font shape `T1/lmss/m/sl' tried instead on input line 38.

[22

]))
\tf@nav=\write6
\openout6 = `presentation.nav'.

\tf@toc=\write7
\openout7 = `presentation.toc'.

\tf@snm=\write8
\openout8 = `presentation.snm'.

Package atveryend Info: Empty hook `BeforeClearDocument' on input line 14.
Package atveryend Info: Empty hook `AfterLastShipout' on input line 14.
 (presentation.aux)
Package atveryend Info: Executing hook `AtVeryEndDocument' on input line 14.
Package atveryend Info: Executing hook `AtEndAfterFileList' on input line 14.
Package rerunfilecheck Info: File `presentation.out' has not changed.
(rerunfilecheck)             Checksum: 4F10B3393B8D60CB3732DCB38B8043FA;368.
 ) 
Here is how much of TeX's memory you used:
 35675 strings out of 480934
 861876 string characters out of 2898513
 1228080 words of memory out of 3000000
 50700 multiletter control sequences out of 15000+200000
 640258 words of font info for 107 fonts, out of 3000000 for 9000
 1141 hyphenation exceptions out of 8191
 67i,20n,106p,799b,772s stack positions out of 5000i,500n,10000p,200000b,50000s
{C:/Users/m2schmid/AppData/Local/Programs/MiKTeX 2.9/fonts/enc/dvips/lm/lm-ec
.enc}{C:/Users/m2schmid/AppData/Local/Programs/MiKTeX 2.9/fonts/enc/dvips/lm/lm
-mathsy.enc}{C:/Users/m2schmid/AppData/Local/Programs/MiKTeX 2.9/fonts/enc/dvip
s/lm/lm-rm.enc}{C:/Users/m2schmid/AppData/Local/Programs/MiKTeX 2.9/fonts/enc/d
vips/lm/lm-mathit.enc}{C:/Users/m2schmid/AppData/Local/Programs/MiKTeX 2.9/font
s/enc/dvips/lm/lm-mathex.enc}<C:/Users/m2schmid/AppData/Local/Programs/MiKTeX 2
.9/fonts/type1/public/lm/lmex10.pfb><C:/Users/m2schmid/AppData/Local/Programs/M
iKTeX 2.9/fonts/type1/public/lm/lmmi10.pfb><C:/Users/m2schmid/AppData/Local/Pro
grams/MiKTeX 2.9/fonts/type1/public/lm/lmmi12.pfb><C:/Users/m2schmid/AppData/Lo
cal/Programs/MiKTeX 2.9/fonts/type1/public/lm/lmss10.pfb><C:/Users/m2schmid/App
Data/Local/Programs/MiKTeX 2.9/fonts/type1/public/lm/lmss12.pfb><C:/Users/m2sch
mid/AppData/Local/Programs/MiKTeX 2.9/fonts/type1/public/lm/lmss17.pfb><C:/User
s/m2schmid/AppData/Local/Programs/MiKTeX 2.9/fonts/type1/public/lm/lmss8.pfb><C
:/Users/m2schmid/AppData/Local/Programs/MiKTeX 2.9/fonts/type1/public/lm/lmsso1
0.pfb><C:/Users/m2schmid/AppData/Local/Programs/MiKTeX 2.9/fonts/type1/public/l
m/lmsso17.pfb><C:/Users/m2schmid/AppData/Local/Programs/MiKTeX 2.9/fonts/type1/
public/lm/lmsso8.pfb><C:/Users/m2schmid/AppData/Local/Programs/MiKTeX 2.9/fonts
/type1/public/lm/lmsy10.pfb><C:/Users/m2schmid/AppData/Local/Programs/MiKTeX 2.
9/fonts/type1/public/lm/lmsy5.pfb><C:/Users/m2schmid/AppData/Local/Programs/MiK
TeX 2.9/fonts/type1/public/lm/lmsy6.pfb><C:/Users/m2schmid/AppData/Local/Progra
ms/MiKTeX 2.9/fonts/type1/public/lm/lmsy8.pfb><C:/Users/m2schmid/AppData/Local/
Programs/MiKTeX 2.9/fonts/type1/public/lm/lmtt12.pfb><C:/Users/m2schmid/AppData
/Local/Programs/MiKTeX 2.9/fonts/type1/public/txfonts/rtcxr.pfb><C:/Users/m2sch
mid/AppData/Local/Programs/MiKTeX 2.9/fonts/type1/public/txfonts/rtxmi.pfb><C:/
Users/m2schmid/AppData/Local/Programs/MiKTeX 2.9/fonts/type1/public/txfonts/rtx
r.pfb><C:/Users/m2schmid/AppData/Local/Programs/MiKTeX 2.9/fonts/type1/public/t
xfonts/rtxsc.pfb><C:/Users/m2schmid/AppData/Local/Programs/MiKTeX 2.9/fonts/typ
e1/public/txfonts/txsy.pfb><C:/Users/m2schmid/AppData/Local/Programs/MiKTeX 2.9
/fonts/type1/urw/times/utmb8a.pfb><C:/Users/m2schmid/AppData/Local/Programs/MiK
TeX 2.9/fonts/type1/urw/times/utmr8a.pfb><C:/Users/m2schmid/AppData/Local/Progr
ams/MiKTeX 2.9/fonts/type1/urw/times/utmri8a.pfb>
Output written on presentation.pdf (22 pages, 1875953 bytes).
PDF statistics:
 1225 PDF objects out of 1440 (max. 8388607)
 52 named destinations out of 1000 (max. 500000)
 217 words of extra memory for PDF output out of 10000 (max. 10000000)

